<?xml version="1.0" encoding="UTF-8" ?>
<testsuite errors="0" failures="0" hostname="Synapse.local" name="com.abien.patterns.business.lazy.JXPathTest" tests="2" time="0.621" timestamp="2009-07-02T14:17:35">
  <properties>
[...]
</properties>
  <testcase classname="com.abien.patterns.business.lazy.JXPathTest" name="lazyLoadOneToOne" time="0.39" />
  <testcase classname="com.abien.patterns.business.lazy.JXPathTest" name="lazyLoadOneToMany" time="0.0020" />
  <system-out><![CDATA[getDetail
]]></system-out>
  <system-err><![CDATA[]]></system-err>
</testsuite>
